<?xml version="1.0" encoding="UTF-8"?>
<!-- Generated by org.testng.reporters.JUnitReportReporter -->
<testsuite hostname="DESKTOP-FTTLF4B" failures="0" tests="1" name="mavenTest.NaukriWebpage" time="20.726" errors="0" timestamp="2025-06-26T00:40:08 IST" skipped="0">
  <testcase classname="mavenTest.NaukriWebpage" name="driverSetup" time="20.726"/>
  <system-out/>
</testsuite> <!-- mavenTest.NaukriWebpage -->
