<?xml version="1.0" encoding="UTF-8"?>
<!-- Generated by org.testng.reporters.JUnitReportReporter -->
<testsuite hostname="DESKTOP-FTTLF4B" failures="0" tests="1" name="mavenTest.NaukriWebpage" time="20.357" errors="0" timestamp="2025-06-26T01:06:26 IST" skipped="0">
  <testcase classname="mavenTest.NaukriWebpage" name="driverSetup" time="20.357"/>
</testsuite> <!-- mavenTest.NaukriWebpage -->
