<?xml version="1.0" encoding="UTF-8"?>
<!-- Generated by org.testng.reporters.JUnitReportReporter -->
<testsuite hostname="DESKTOP-FTTLF4B" failures="0" tests="1" name="mavenTest.NaukriWebpage" time="36.215" errors="0" timestamp="2025-08-10T12:52:26 IST" skipped="0">
  <testcase classname="mavenTest.NaukriWebpage" name="driverSetup" time="36.215"/>
</testsuite> <!-- mavenTest.NaukriWebpage -->
